SCORES FOR THE GROUP: raquel RUN=1

Strict matching (boundaries + type)
cor	inc	par	mis	spu	total	prec	recall	F1
112	227	0	1497	311	1836	0.17	0.06	0.09



Exact matching
cor	inc	par	mis	spu	total	prec	recall	F1
249	90	0	1497	311	1836	0.38	0.14	0.2



Partial matching
cor	inc	par	mis	spu	total	prec	recall	F1
249	0	90	1497	311	1836	0.38	0.16	0.23



type matching
cor	inc	par	mis	spu	total	prec	recall	F1
116	223	0	1497	311	1836	0.18	0.06	0.09



SCORES FOR ENTITY TYPE
Exact matching on drug
cor	inc	par	mis	spu	total	prec	recall	F1
112	4	0	1112	23	1228	0.81	0.09	0.16


Exact matching on brand
cor	inc	par	mis	spu	total	prec	recall	F1
0	0	0	14	4	14	0	0	0


Exact matching on group
cor	inc	par	mis	spu	total	prec	recall	F1
0	0	0	193	0	193	0	0	0


Exact matching on drug_n
cor	inc	par	mis	spu	total	prec	recall	F1
0	0	0	401	0	401	0	0	0


MACRO-AVERAGE MEASURES:
P	R	F1
0.2	0.02	0.04
________________________________________________________________________

