SCORES FOR THE GROUP: raquel RUN=56
Gold Dataset: /All

Partial Evaluation: only detection of DDI (regadless to the type)
tp	fp	fn	total	prec	recall	F1
362	363	522	884	0.4993	0.4095	0.45


Detection and Classification of DDI
tp	fp	fn	total	prec	recall	F1
306	419	578	884	0.4221	0.3462	0.3804


________________________________________________________________________

SCORES FOR DDI TYPE
Scores for ddi with type mechanism
tp	fp	fn	total	prec	recall	F1
80	122	222	302	0.396	0.2649	0.3175


Scores for ddi with type effect
tp	fp	fn	total	prec	recall	F1
125	166	235	360	0.4296	0.3472	0.384


Scores for ddi with type advise
tp	fp	fn	total	prec	recall	F1
101	130	120	221	0.4372	0.457	0.4469


Scores for ddi with type int
tp	fp	fn	total	prec	recall	F1
0	1	96	96	0	0	0


MACRO-AVERAGE MEASURES:
	P	R	F1
	0.3157	0.2673	0.2895
________________________________________________________________________

