SCORES FOR THE GROUP: raquel RUN=50
Gold Dataset: /All

Partial Evaluation: only detection of DDI (regadless to the type)
tp	fp	fn	total	prec	recall	F1
524	1067	360	884	0.3294	0.5928	0.4234


Detection and Classification of DDI
tp	fp	fn	total	prec	recall	F1
446	1145	438	884	0.2803	0.5045	0.3604


________________________________________________________________________

SCORES FOR DDI TYPE
Scores for ddi with type mechanism
tp	fp	fn	total	prec	recall	F1
118	269	184	302	0.3049	0.3907	0.3425


Scores for ddi with type effect
tp	fp	fn	total	prec	recall	F1
187	547	173	360	0.2548	0.5194	0.3419


Scores for ddi with type advise
tp	fp	fn	total	prec	recall	F1
141	329	80	221	0.3	0.638	0.4081


Scores for ddi with type int
tp	fp	fn	total	prec	recall	F1
0	0	96	96	0	0	0


MACRO-AVERAGE MEASURES:
	P	R	F1
	0.2149	0.387	0.2764
________________________________________________________________________

