SCORES FOR THE GROUP: raquel RUN=71
Gold Dataset: /All

Partial Evaluation: only detection of DDI (regadless to the type)
tp	fp	fn	total	prec	recall	F1
273	353	611	884	0.4361	0.3088	0.3616


Detection and Classification of DDI
tp	fp	fn	total	prec	recall	F1
252	374	632	884	0.4026	0.2851	0.3338


________________________________________________________________________

SCORES FOR DDI TYPE
Scores for ddi with type mechanism
tp	fp	fn	total	prec	recall	F1
56	139	246	302	0.2872	0.1854	0.2254


Scores for ddi with type effect
tp	fp	fn	total	prec	recall	F1
118	162	242	360	0.4214	0.3278	0.3688


Scores for ddi with type advise
tp	fp	fn	total	prec	recall	F1
77	71	144	221	0.5203	0.3484	0.4173


Scores for ddi with type int
tp	fp	fn	total	prec	recall	F1
1	2	95	96	0.3333	0.0104	0.0202


MACRO-AVERAGE MEASURES:
	P	R	F1
	0.3906	0.218	0.2798
________________________________________________________________________

