SCORES FOR THE GROUP: ensamble_cascade RUN=90
Gold Dataset: /All

Partial Evaluation: only detection of DDI (regadless to the type)
tp	fp	fn	total	prec	recall	F1
584	547	300	884	0.5164	0.6606	0.5797


Detection and Classification of DDI
tp	fp	fn	total	prec	recall	F1
394	737	490	884	0.3484	0.4457	0.3911


________________________________________________________________________

SCORES FOR DDI TYPE
Scores for ddi with type mechanism
tp	fp	fn	total	prec	recall	F1
140	222	162	302	0.3867	0.4636	0.4217


Scores for ddi with type effect
tp	fp	fn	total	prec	recall	F1
182	338	178	360	0.35	0.5056	0.4136


Scores for ddi with type advise
tp	fp	fn	total	prec	recall	F1
63	152	158	221	0.293	0.2851	0.289


Scores for ddi with type int
tp	fp	fn	total	prec	recall	F1
9	25	87	96	0.2647	0.0938	0.1385


MACRO-AVERAGE MEASURES:
	P	R	F1
	0.3236	0.337	0.3302
________________________________________________________________________

