SCORES FOR THE GROUP: cascade RUN=88
Gold Dataset: /All

Partial Evaluation: only detection of DDI (regadless to the type)
tp	fp	fn	total	prec	recall	F1
611	716	273	884	0.4604	0.6912	0.5527


Detection and Classification of DDI
tp	fp	fn	total	prec	recall	F1
435	892	449	884	0.3278	0.4921	0.3935


________________________________________________________________________

SCORES FOR DDI TYPE
Scores for ddi with type mechanism
tp	fp	fn	total	prec	recall	F1
147	293	155	302	0.3341	0.4868	0.3962


Scores for ddi with type effect
tp	fp	fn	total	prec	recall	F1
192	345	168	360	0.3575	0.5333	0.4281


Scores for ddi with type advise
tp	fp	fn	total	prec	recall	F1
96	247	125	221	0.2799	0.4344	0.3404


Scores for ddi with type int
tp	fp	fn	total	prec	recall	F1
0	7	96	96	0	0	0


MACRO-AVERAGE MEASURES:
	P	R	F1
	0.2429	0.3636	0.2912
________________________________________________________________________

