SCORES FOR THE GROUP: raquel RUN=70
Gold Dataset: /All

Partial Evaluation: only detection of DDI (regadless to the type)
tp	fp	fn	total	prec	recall	F1
258	301	626	884	0.4615	0.2919	0.3576


Detection and Classification of DDI
tp	fp	fn	total	prec	recall	F1
218	341	666	884	0.39	0.2466	0.3021


________________________________________________________________________

SCORES FOR DDI TYPE
Scores for ddi with type mechanism
tp	fp	fn	total	prec	recall	F1
45	88	257	302	0.3383	0.149	0.2069


Scores for ddi with type effect
tp	fp	fn	total	prec	recall	F1
87	115	273	360	0.4307	0.2417	0.3096


Scores for ddi with type advise
tp	fp	fn	total	prec	recall	F1
86	138	135	221	0.3839	0.3891	0.3865


Scores for ddi with type int
tp	fp	fn	total	prec	recall	F1
0	0	96	96	0	0	0


MACRO-AVERAGE MEASURES:
	P	R	F1
	0.2882	0.195	0.2326
________________________________________________________________________

