SCORES FOR THE GROUP: raquel RUN=42
Gold Dataset: /All

Partial Evaluation: only detection of DDI (regadless to the type)
tp	fp	fn	total	prec	recall	F1
264	422	620	884	0.3848	0.2986	0.3363


Detection and Classification of DDI
tp	fp	fn	total	prec	recall	F1
210	476	674	884	0.3061	0.2376	0.2675


________________________________________________________________________

SCORES FOR DDI TYPE
Scores for ddi with type mechanism
tp	fp	fn	total	prec	recall	F1
49	94	253	302	0.3427	0.1623	0.2202


Scores for ddi with type effect
tp	fp	fn	total	prec	recall	F1
97	299	263	360	0.2449	0.2694	0.2566


Scores for ddi with type advise
tp	fp	fn	total	prec	recall	F1
64	82	157	221	0.4384	0.2896	0.3488


Scores for ddi with type int
tp	fp	fn	total	prec	recall	F1
0	1	96	96	0	0	0


MACRO-AVERAGE MEASURES:
	P	R	F1
	0.2565	0.1803	0.2118
________________________________________________________________________

