SCORES FOR THE GROUP: cascade_rf_mlp RUN=99
Gold Dataset: /All

Partial Evaluation: only detection of DDI (regadless to the type)
tp	fp	fn	total	prec	recall	F1
536	452	348	884	0.5425	0.6063	0.5726


Detection and Classification of DDI
tp	fp	fn	total	prec	recall	F1
376	612	508	884	0.3806	0.4253	0.4017


________________________________________________________________________

SCORES FOR DDI TYPE
Scores for ddi with type mechanism
tp	fp	fn	total	prec	recall	F1
117	178	185	302	0.3966	0.3874	0.392


Scores for ddi with type effect
tp	fp	fn	total	prec	recall	F1
172	293	188	360	0.3699	0.4778	0.417


Scores for ddi with type advise
tp	fp	fn	total	prec	recall	F1
79	127	142	221	0.3835	0.3575	0.37


Scores for ddi with type int
tp	fp	fn	total	prec	recall	F1
8	14	88	96	0.3636	0.0833	0.1356


MACRO-AVERAGE MEASURES:
	P	R	F1
	0.3784	0.3265	0.3505
________________________________________________________________________

