SCORES FOR THE GROUP: ensamble_cascade RUN=88
Gold Dataset: /All

Partial Evaluation: only detection of DDI (regadless to the type)
tp	fp	fn	total	prec	recall	F1
642	771	242	884	0.4544	0.7262	0.559


Detection and Classification of DDI
tp	fp	fn	total	prec	recall	F1
424	989	460	884	0.3001	0.4796	0.3692


________________________________________________________________________

SCORES FOR DDI TYPE
Scores for ddi with type mechanism
tp	fp	fn	total	prec	recall	F1
142	275	160	302	0.3405	0.4702	0.395


Scores for ddi with type effect
tp	fp	fn	total	prec	recall	F1
183	520	177	360	0.2603	0.5083	0.3443


Scores for ddi with type advise
tp	fp	fn	total	prec	recall	F1
90	158	131	221	0.3629	0.4072	0.3838


Scores for ddi with type int
tp	fp	fn	total	prec	recall	F1
9	36	87	96	0.2	0.0938	0.1277


MACRO-AVERAGE MEASURES:
	P	R	F1
	0.2909	0.3699	0.3257
________________________________________________________________________

