SCORES FOR THE GROUP: raquel RUN=6
Gold Dataset: /All

Partial Evaluation: only detection of DDI (regadless to the type)
tp	fp	fn	total	prec	recall	F1
310	383	574	884	0.4473	0.3507	0.3932


Detection and Classification of DDI
tp	fp	fn	total	prec	recall	F1
237	456	647	884	0.342	0.2681	0.3006


________________________________________________________________________

SCORES FOR DDI TYPE
Scores for ddi with type mechanism
tp	fp	fn	total	prec	recall	F1
90	105	212	302	0.4615	0.298	0.3622


Scores for ddi with type effect
tp	fp	fn	total	prec	recall	F1
104	289	256	360	0.2646	0.2889	0.2762


Scores for ddi with type advise
tp	fp	fn	total	prec	recall	F1
41	54	180	221	0.4316	0.1855	0.2595


Scores for ddi with type int
tp	fp	fn	total	prec	recall	F1
2	8	94	96	0.2	0.0208	0.0377


MACRO-AVERAGE MEASURES:
	P	R	F1
	0.3394	0.1983	0.2504
________________________________________________________________________

