SCORES FOR THE GROUP: raquel RUN=55
Gold Dataset: /All

Partial Evaluation: only detection of DDI (regadless to the type)
tp	fp	fn	total	prec	recall	F1
367	753	517	884	0.3277	0.4152	0.3663


Detection and Classification of DDI
tp	fp	fn	total	prec	recall	F1
318	802	566	884	0.2839	0.3597	0.3174


________________________________________________________________________

SCORES FOR DDI TYPE
Scores for ddi with type mechanism
tp	fp	fn	total	prec	recall	F1
91	217	211	302	0.2955	0.3013	0.2984


Scores for ddi with type effect
tp	fp	fn	total	prec	recall	F1
119	412	241	360	0.2241	0.3306	0.2671


Scores for ddi with type advise
tp	fp	fn	total	prec	recall	F1
108	173	113	221	0.3843	0.4887	0.4303


Scores for ddi with type int
tp	fp	fn	total	prec	recall	F1
0	0	96	96	0	0	0


MACRO-AVERAGE MEASURES:
	P	R	F1
	0.226	0.2801	0.2502
________________________________________________________________________

