SCORES FOR THE GROUP: baseline RUN=final
Gold Dataset: /All

Partial Evaluation: only detection of DDI (regadless to the type)
tp	fp	fn	total	prec	recall	F1
530	651	354	884	0.4488	0.5995	0.5133


Detection and Classification of DDI
tp	fp	fn	total	prec	recall	F1
381	800	503	884	0.3226	0.431	0.369


________________________________________________________________________

SCORES FOR DDI TYPE
Scores for ddi with type mechanism
tp	fp	fn	total	prec	recall	F1
129	222	173	302	0.3675	0.4272	0.3951


Scores for ddi with type effect
tp	fp	fn	total	prec	recall	F1
150	391	210	360	0.2773	0.4167	0.333


Scores for ddi with type advise
tp	fp	fn	total	prec	recall	F1
93	158	128	221	0.3705	0.4208	0.3941


Scores for ddi with type int
tp	fp	fn	total	prec	recall	F1
9	29	87	96	0.2368	0.0938	0.1343


MACRO-AVERAGE MEASURES:
	P	R	F1
	0.313	0.3396	0.3258
________________________________________________________________________

